<?xml version="1.0" encoding="UTF-8"?>
<!-- Generated by org.testng.reporters.JUnitXMLReporter -->
<testsuite hostname="360NDCLP209" ignored="1" name="Command line test" tests="1" failures="0" timestamp="2023-04-17T13:24:35 IST" time="49.066" errors="0">
  <testcase name="login" time="17.953" classname="com.freeautomation.test.TestOrangeWebsite"/>
  <testcase name="myTest" time="0.0" classname="com.freeautomation.test.TestFindElement">
    <ignored/>
  </testcase> <!-- myTest -->
</testsuite> <!-- Command line test -->
