<?xml version="1.0" encoding="UTF-8"?>
<!-- Generated by org.testng.reporters.JUnitXMLReporter -->
<testsuite hostname="360NDCLP209" ignored="2" tests="0" failures="0" timestamp="2023-04-17T14:22:13 IST" time="0.012" errors="0">
  <testcase name="myTest" time="0.0" classname="com.freeautomation.test.TestFindElement">
    <ignored/>
  </testcase> <!-- myTest -->
  <testcase name="login" time="0.0" classname="com.freeautomation.test.TestOrangeWebsite">
    <ignored/>
  </testcase> <!-- login -->
</testsuite>
