<?xml version="1.0" encoding="UTF-8"?>
<testng-results ignored="0" total="1" passed="1" failed="0" skipped="0">
  <reporter-output>
  </reporter-output>
  <suite started-at="2023-04-14T16:36:21 IST" name="Default suite" finished-at="2023-04-14T16:36:40 IST" duration-ms="19244">
    <groups>
    </groups>
    <test started-at="2023-04-14T16:36:21 IST" name="Default test" finished-at="2023-04-14T16:36:40 IST" duration-ms="19244">
      <class name="com.freeautomation.test.TestOrangeWebsite">
        <test-method is-config="true" signature="setUp()[pri:0, instance:com.freeautomation.test.TestOrangeWebsite@73e22a3d]" started-at="2023-04-14T16:36:21 IST" name="setUp" finished-at="2023-04-14T16:36:27 IST" duration-ms="6248" status="PASS">
          <reporter-output>
          </reporter-output>
        </test-method> <!-- setUp -->
        <test-method signature="login()[pri:0, instance:com.freeautomation.test.TestOrangeWebsite@73e22a3d]" started-at="2023-04-14T16:36:27 IST" name="login" finished-at="2023-04-14T16:36:40 IST" duration-ms="12649" status="PASS">
          <reporter-output>
          </reporter-output>
        </test-method> <!-- login -->
        <test-method is-config="true" signature="tearDown()[pri:0, instance:com.freeautomation.test.TestOrangeWebsite@73e22a3d]" started-at="2023-04-14T16:36:40 IST" name="tearDown" finished-at="2023-04-14T16:36:40 IST" duration-ms="316" status="PASS">
          <reporter-output>
          </reporter-output>
        </test-method> <!-- tearDown -->
      </class> <!-- com.freeautomation.test.TestOrangeWebsite -->
    </test> <!-- Default test -->
  </suite> <!-- Default suite -->
</testng-results>
